Files : NoneFiles : NoneFiles : Nonelogin trialFalse
login trialFalse
login trialTrue
$2b$12$NueqNlupJYdWcHHonOV9EeDodArgTbYJqJ2Y7JJQ.FT0wqalKy7c.14602is pass corect:True
Teacher ::::: 14602
NoneFiles : NoneFiles : NoneFiles : NoneFiles : NoneFiles : Nonelogin trialFalse
login trialTrue
$2b$12$bSRs4CbufHrifLd3zKOPkuSWAKmsMCpmvJWs7ccF.Lt.GfzWDvCNG14606is pass corect:True
Teacher ::::: 14606
NoneFiles : NoneFiles : NoneFiles : NoneFiles : NoneFiles : NoneFiles : NoneFiles : NoneFiles : NoneFiles : None[['qwertyu@qwertyui.com', '10A', 'sriram', 'http://www.mediafire.com/file/4rghtxdx1gfajh6/QP.pdf/file', "[{'admno': '14602', 'link': 'http://www.mediafire.com/file/tdz8tl1ger5hcrs/14602.pdf/file', 'marks': None}, {'admno': '14606', 'link': 'http://www.mediafire.com/file/nly3tqp1t3p7qbm/14606.pdf/file', 'marks': None}]"]]['qwertyu@qwertyui.com', '10A', 'sriram', 'http://www.mediafire.com/file/4rghtxdx1gfajh6/QP.pdf/file', "[{'admno': '14602', 'link': 'http://www.mediafire.com/file/tdz8tl1ger5hcrs/14602.pdf/file', 'marks': None}, {'admno': '14606', 'link': 'http://www.mediafire.com/file/nly3tqp1t3p7qbm/14606.pdf/file', 'marks': None}]"]login trialFalse
login trialFalse
login trialTrue
$2b$12$BVmSEldrEquSgwkNdN7/8epO3baE5U5hh3Zka5sNa1dD7eT64sUr.qwertyu@qwertyui.comis pass corect:TrueLOGGING TEACHER:qwertyu@qwertyui.comsdfghjklqwertyu@qwertyui.comsdfghjkl
GET
POST
Saving File

Django
login trialFalse
login trialTrue
$2b$12$bSRs4CbufHrifLd3zKOPkuSWAKmsMCpmvJWs7ccF.Lt.GfzWDvCNG14606is pass corect:True
Teacher ::::: 14606
NoneFiles : NoneFiles : None
Teacher ::::: 14606
None
Teacher ::::: 14606
None
Check validation False
Check validation False
Check validation False
Check validation False
Check validation False